<?xml version="1.0" encoding="UTF-8"?>
<!-- Generated by org.testng.reporters.JUnitReportReporter -->
<testsuite hostname="DESKTOP-GLV20RD" failures="0" tests="1" name="com.inerbanking.testcases.TC_LoginDDT_002" time="9.124" errors="0" timestamp="2023-03-14T09:40:11 IST" skipped="0">
  <testcase classname="com.inerbanking.testcases.TC_LoginDDT_002" name="loginDDT" time="9.124"/>
  <system-out/>
</testsuite> <!-- com.inerbanking.testcases.TC_LoginDDT_002 -->
