<?xml version="1.0" encoding="UTF-8"?>
<!-- Generated by org.testng.reporters.JUnitReportReporter -->
<testsuite hostname="DESKTOP-GLV20RD" failures="0" tests="1" name="com.inerbanking.testcases.TC_LoginTest_001" time="40.037" errors="0" timestamp="2023-02-12T17:00:35 IST" skipped="0">
  <testcase classname="com.inerbanking.testcases.TC_LoginTest_001" name="logintest" time="40.037"/>
  <system-out/>
</testsuite> <!-- com.inerbanking.testcases.TC_LoginTest_001 -->
